  Airplane.cpp
C:\Users\Panos\Programming Projects\GitHub\AirplaneGame\AirplaneGame1940\AirplaneGame1940\Airplane.cpp(6,101): warning C4244: 'argument': conversion from 'int' to 'float', possible loss of data
C:\Users\Panos\Programming Projects\GitHub\AirplaneGame\AirplaneGame1940\AirplaneGame1940\Airplane.cpp(6,90): warning C4244: 'argument': conversion from 'int' to 'float', possible loss of data
  Background.cpp
  enemyplane.cpp
C:\Users\Panos\Programming Projects\GitHub\AirplaneGame\AirplaneGame1940\AirplaneGame1940\enemyplane.cpp(42,18): warning C4244: 'initializing': conversion from 'double' to 'float', possible loss of data
C:\Users\Panos\Programming Projects\GitHub\AirplaneGame\AirplaneGame1940\AirplaneGame1940\enemyplane.cpp(43,44): warning C4244: '+=': conversion from 'double' to 'float', possible loss of data
C:\Users\Panos\Programming Projects\GitHub\AirplaneGame\AirplaneGame1940\AirplaneGame1940\enemyplane.cpp(44,22): warning C4244: '=': conversion from 'double' to 'float', possible loss of data
  Entity.cpp
C:\Users\Panos\Programming Projects\GitHub\AirplaneGame\AirplaneGame1940\AirplaneGame1940\Entity.cpp(46,50): warning C4244: 'return': conversion from 'double' to 'float', possible loss of data
  Explosion.cpp
  Factory.cpp
  game.cpp
  main.cpp
  playerPlane.cpp
C:\Users\Panos\Programming Projects\GitHub\AirplaneGame\AirplaneGame1940\AirplaneGame1940\playerPlane.cpp(65,18): warning C4244: 'initializing': conversion from 'double' to 'float', possible loss of data
C:\Users\Panos\Programming Projects\GitHub\AirplaneGame\AirplaneGame1940\AirplaneGame1940\playerPlane.cpp(66,44): warning C4244: '+=': conversion from 'double' to 'float', possible loss of data
C:\Users\Panos\Programming Projects\GitHub\AirplaneGame\AirplaneGame1940\AirplaneGame1940\playerPlane.cpp(67,22): warning C4244: '=': conversion from 'double' to 'float', possible loss of data
C:\Users\Panos\Programming Projects\GitHub\AirplaneGame\AirplaneGame1940\AirplaneGame1940\playerPlane.cpp(85,18): warning C4244: 'initializing': conversion from 'double' to 'float', possible loss of data
C:\Users\Panos\Programming Projects\GitHub\AirplaneGame\AirplaneGame1940\AirplaneGame1940\playerPlane.cpp(86,45): warning C4244: '+=': conversion from 'double' to 'float', possible loss of data
C:\Users\Panos\Programming Projects\GitHub\AirplaneGame\AirplaneGame1940\AirplaneGame1940\playerPlane.cpp(87,22): warning C4244: '=': conversion from 'double' to 'float', possible loss of data
  PowerUp.cpp
  Projectile.cpp
  Generating code
  Previous IPDB not found, fall back to full compilation.
  All 434 functions were compiled because no usable IPDB/IOBJ from previous compilation was found.
  Finished generating code
  AirplaneGame1940.vcxproj -> C:\Users\Panos\Programming Projects\GitHub\AirplaneGame\AirplaneGame1940\x64\Release\AirplaneGame1940.exe
