c:\users\panos\programming projects\github\airplanegame\airplanegame1940\x64\release\airplanegame1940.ipdb
c:\users\panos\programming projects\github\airplanegame\airplanegame1940\x64\release\airplanegame1940.iobj
c:\users\panos\programming projects\github\airplanegame\airplanegame1940\airplanegame1940\x64\release\vc142.pdb
c:\users\panos\programming projects\github\airplanegame\airplanegame1940\airplanegame1940\x64\release\projectile.obj
c:\users\panos\programming projects\github\airplanegame\airplanegame1940\airplanegame1940\x64\release\powerup.obj
c:\users\panos\programming projects\github\airplanegame\airplanegame1940\airplanegame1940\x64\release\playersquadron.obj
c:\users\panos\programming projects\github\airplanegame\airplanegame1940\airplanegame1940\x64\release\playerplane.obj
c:\users\panos\programming projects\github\airplanegame\airplanegame1940\airplanegame1940\x64\release\main.obj
c:\users\panos\programming projects\github\airplanegame\airplanegame1940\airplanegame1940\x64\release\game.obj
c:\users\panos\programming projects\github\airplanegame\airplanegame1940\airplanegame1940\x64\release\factory.obj
c:\users\panos\programming projects\github\airplanegame\airplanegame1940\airplanegame1940\x64\release\explosion.obj
c:\users\panos\programming projects\github\airplanegame\airplanegame1940\airplanegame1940\x64\release\entity.obj
c:\users\panos\programming projects\github\airplanegame\airplanegame1940\airplanegame1940\x64\release\enemyplane.obj
c:\users\panos\programming projects\github\airplanegame\airplanegame1940\airplanegame1940\x64\release\background.obj
c:\users\panos\programming projects\github\airplanegame\airplanegame1940\airplanegame1940\x64\release\airplane.obj
c:\users\panos\programming projects\github\airplanegame\airplanegame1940\x64\release\airplanegame1940.exe
c:\users\panos\programming projects\github\airplanegame\airplanegame1940\x64\release\airplanegame1940.pdb
c:\users\panos\programming projects\github\airplanegame\airplanegame1940\airplanegame1940\x64\release\airplanegame1940.tlog\airplanegame1940.write.1u.tlog
c:\users\panos\programming projects\github\airplanegame\airplanegame1940\airplanegame1940\x64\release\airplanegame1940.tlog\cl.command.1.tlog
c:\users\panos\programming projects\github\airplanegame\airplanegame1940\airplanegame1940\x64\release\airplanegame1940.tlog\cl.read.1.tlog
c:\users\panos\programming projects\github\airplanegame\airplanegame1940\airplanegame1940\x64\release\airplanegame1940.tlog\cl.write.1.tlog
c:\users\panos\programming projects\github\airplanegame\airplanegame1940\airplanegame1940\x64\release\airplanegame1940.tlog\link.command.1.tlog
c:\users\panos\programming projects\github\airplanegame\airplanegame1940\airplanegame1940\x64\release\airplanegame1940.tlog\link.read.1.tlog
c:\users\panos\programming projects\github\airplanegame\airplanegame1940\airplanegame1940\x64\release\airplanegame1940.tlog\link.write.1.tlog
